c:\users\sebouh\desktop\c++ team\tower defense\debug\vc120.pdb
c:\users\sebouh\desktop\c++ team\tower defense\debug\vc120.idb
c:\users\sebouh\desktop\c++ team\tower defense\debug\path.obj
c:\users\sebouh\desktop\c++ team\tower defense\debug\player.obj
c:\users\sebouh\desktop\c++ team\tower defense\debug\scenery.obj
c:\users\sebouh\desktop\c++ team\tower defense\debug\critterobserver.obj
c:\users\sebouh\desktop\c++ team\tower defense\debug\error.obj
c:\users\sebouh\desktop\c++ team\tower defense\debug\splashupgrade.obj
c:\users\sebouh\desktop\c++ team\tower defense\debug\start.obj
c:\users\sebouh\desktop\c++ team\tower defense\debug\strategynearest.obj
c:\users\sebouh\desktop\c++ team\tower defense\debug\strategynearestexit.obj
c:\users\sebouh\desktop\c++ team\tower defense\debug\strategystrongest.obj
c:\users\sebouh\desktop\c++ team\tower defense\debug\strategyweakest.obj
c:\users\sebouh\desktop\c++ team\tower defense\debug\tower.obj
c:\users\sebouh\desktop\c++ team\tower defense\debug\towerbuyobserver.obj
c:\users\sebouh\desktop\c++ team\tower defense\debug\towerlevelupobserver.obj
c:\users\sebouh\desktop\c++ team\tower defense\debug\towermanagementobserver.obj
c:\users\sebouh\desktop\c++ team\tower defense\debug\towermanager.obj
c:\users\sebouh\desktop\c++ team\tower defense\debug\towerobserver.obj
c:\users\sebouh\desktop\c++ team\tower defense\debug\towersellingobserver.obj
c:\users\sebouh\desktop\c++ team\tower defense\debug\upgrade.obj
c:\users\sebouh\desktop\c++ team\tower defense\debug\utility.obj
c:\users\sebouh\desktop\c++ team\tower defense\debug\basetowerobserver.obj
c:\users\sebouh\desktop\c++ team\tower defense\debug\basictower.obj
c:\users\sebouh\desktop\c++ team\tower defense\debug\critter.obj
c:\users\sebouh\desktop\c++ team\tower defense\debug\critterfactory.obj
c:\users\sebouh\desktop\c++ team\tower defense\debug\crittergroup.obj
c:\users\sebouh\desktop\c++ team\tower defense\debug\crittermanager.obj
c:\users\sebouh\desktop\c++ team\tower defense\debug\driver.obj
c:\users\sebouh\desktop\c++ team\tower defense\debug\effect.obj
c:\users\sebouh\desktop\c++ team\tower defense\debug\effectupgrade.obj
c:\users\sebouh\desktop\c++ team\tower defense\debug\end.obj
c:\users\sebouh\desktop\c++ team\tower defense\debug\errormanager.obj
c:\users\sebouh\desktop\c++ team\tower defense\debug\game.obj
c:\users\sebouh\desktop\c++ team\tower defense\debug\grid.obj
c:\users\sebouh\desktop\c++ team\tower defense\debug\griddisplay.obj
c:\users\sebouh\desktop\c++ team\tower defense\debug\iobserver.obj
c:\users\sebouh\desktop\c++ team\tower defense\debug\levelupgrade.obj
c:\users\sebouh\desktop\c++ team\tower defense\debug\mapeditor.obj
c:\users\sebouh\desktop\c++ team\tower defense\debug\mapentity.obj
c:\users\sebouh\desktop\c++ team\tower defense\debug\mapobject.obj
c:\users\sebouh\desktop\c++ team\tower defense\debug\observable.obj
c:\users\sebouh\desktop\c++ team\tower defense\debug\basemodel.obj
c:\users\sebouh\desktop\c++ team\debug\tower defense.ilk
c:\users\sebouh\desktop\c++ team\debug\tower defense.exe
c:\users\sebouh\desktop\c++ team\debug\tower defense.pdb
c:\users\sebouh\desktop\c++ team\tower defense\debug\tower defense.tlog\cl.command.1.tlog
c:\users\sebouh\desktop\c++ team\tower defense\debug\tower defense.tlog\cl.read.1.tlog
c:\users\sebouh\desktop\c++ team\tower defense\debug\tower defense.tlog\cl.write.1.tlog
c:\users\sebouh\desktop\c++ team\tower defense\debug\tower defense.tlog\link.command.1.tlog
c:\users\sebouh\desktop\c++ team\tower defense\debug\tower defense.tlog\link.read.1.tlog
c:\users\sebouh\desktop\c++ team\tower defense\debug\tower defense.tlog\link.write.1.tlog
